<?xml version="1.0" encoding="UTF-8"?>
<!-- Generated by org.testng.reporters.JUnitXMLReporter -->
<testsuite ignored="2" hostname="NDI-LAP-165" failures="0" tests="1" name="Test" time="5.292" errors="0" timestamp="2022-08-04T12:39:23 IST">
  <testcase classname="insuranceCalculation_Motorcycle.ErrorTests_motorcycle" name="verifyModelDropDownOptions" time="0.382"/>
  <testcase classname="insuranceCalculation_Motorcycle.ErrorTests_motorcycle" name="errorMessage_PayLoadField1" time="0.0">
    <ignored/>
  </testcase> <!-- errorMessage_PayLoadField1 -->
  <testcase classname="insuranceCalculation_Motorcycle.ErrorTests_motorcycle" name="errorMessage_PayLoadField" time="0.0">
    <ignored/>
  </testcase> <!-- errorMessage_PayLoadField -->
</testsuite> <!-- Test -->
