<?xml version="1.0" encoding="UTF-8"?>
<testng-results ignored="0" total="1" passed="1" failed="0" skipped="0">
  <reporter-output>
  </reporter-output>
  <suite started-at="2022-08-04T13:13:29 IST" name="Suite" finished-at="2022-08-04T13:13:35 IST" duration-ms="5695">
    <groups>
    </groups>
    <test started-at="2022-08-04T13:13:29 IST" name="Test" finished-at="2022-08-04T13:13:35 IST" duration-ms="5695">
      <class name="insuranceCalculation_Motorcycle.EndToEndTests_motorcycle">
        <test-method is-config="true" signature="setupMethod()[pri:0, instance:insuranceCalculation_Motorcycle.EndToEndTests_motorcycle@3f6b0be5]" started-at="2022-08-04T13:13:29 IST" name="setupMethod" finished-at="2022-08-04T13:13:34 IST" duration-ms="4938" status="PASS">
          <reporter-output>
          </reporter-output>
        </test-method> <!-- setupMethod -->
        <test-method signature="insuranceCalculate_VolvoMotor()[pri:0, instance:insuranceCalculation_Motorcycle.EndToEndTests_motorcycle@3f6b0be5]" started-at="2022-08-04T13:13:34 IST" name="insuranceCalculate_VolvoMotor" finished-at="2022-08-04T13:13:34 IST" duration-ms="6" status="PASS">
          <reporter-output>
          </reporter-output>
        </test-method> <!-- insuranceCalculate_VolvoMotor -->
        <test-method is-config="true" signature="cleanUp()[pri:0, instance:insuranceCalculation_Motorcycle.EndToEndTests_motorcycle@3f6b0be5]" started-at="2022-08-04T13:13:34 IST" name="cleanUp" finished-at="2022-08-04T13:13:35 IST" duration-ms="635" status="PASS">
          <reporter-output>
          </reporter-output>
        </test-method> <!-- cleanUp -->
      </class> <!-- insuranceCalculation_Motorcycle.EndToEndTests_motorcycle -->
    </test> <!-- Test -->
  </suite> <!-- Suite -->
</testng-results>
