<?xml version="1.0" encoding="UTF-8"?>
<testng-results ignored="2" total="3" passed="1" failed="0" skipped="0">
  <reporter-output>
  </reporter-output>
  <suite started-at="2022-08-04T12:39:18 IST" name="Suite" finished-at="2022-08-04T12:39:23 IST" duration-ms="5292">
    <groups>
    </groups>
    <test started-at="2022-08-04T12:39:18 IST" name="Test" finished-at="2022-08-04T12:39:23 IST" duration-ms="5292">
      <class name="insuranceCalculation_Motorcycle.ErrorTests_motorcycle">
        <test-method is-config="true" signature="setupMethod()[pri:0, instance:insuranceCalculation_Motorcycle.ErrorTests_motorcycle@51c668e3]" started-at="2022-08-04T12:39:18 IST" name="setupMethod" finished-at="2022-08-04T12:39:22 IST" duration-ms="4151" status="PASS">
          <reporter-output>
          </reporter-output>
        </test-method> <!-- setupMethod -->
        <test-method signature="verifyModelDropDownOptions()[pri:0, instance:insuranceCalculation_Motorcycle.ErrorTests_motorcycle@51c668e3]" started-at="2022-08-04T12:39:22 IST" name="verifyModelDropDownOptions" finished-at="2022-08-04T12:39:23 IST" duration-ms="382" status="PASS">
          <reporter-output>
          </reporter-output>
        </test-method> <!-- verifyModelDropDownOptions -->
        <test-method is-config="true" signature="cleanUp()[pri:0, instance:insuranceCalculation_Motorcycle.ErrorTests_motorcycle@51c668e3]" started-at="2022-08-04T12:39:23 IST" name="cleanUp" finished-at="2022-08-04T12:39:23 IST" duration-ms="635" status="PASS">
          <reporter-output>
          </reporter-output>
        </test-method> <!-- cleanUp -->
      </class> <!-- insuranceCalculation_Motorcycle.ErrorTests_motorcycle -->
    </test> <!-- Test -->
  </suite> <!-- Suite -->
</testng-results>
